IQ-TREE multicore version 1.6.12 for Linux 64-bit built Sep 30 2019
Developed by Bui Quang Minh, Nguyen Lam Tung, Olga Chernomor,
Heiko Schmidt, Dominik Schrempf, Michael Woodhams.

Host:    ygc-smu (AVX2, FMA3, 15 GB RAM)
Command: iqtree -s betaCov_aln.fas
Seed:    111388 (Using SPRNG - Scalable Parallel Random Number Generator)
Time:    Mon Sep 30 22:42:41 2019
Kernel:  AVX+FMA - 1 threads (12 CPU cores detected)

HINT: Use -nt option to specify number of threads because your CPU has 12 cores!
HINT: -nt AUTO will automatically determine the best number of threads to use.

Reading alignment file betaCov_aln.fas ... Fasta format detected
NOTE: Change sequence name 'Murine hepatitis virus(AF208066)' -> Murine_hepatitis_virus(AF208066)
NOTE: Change sequence name 'Human coronavirus HKU1 (HCoV-HKU1)(AY884001)' -> Human_coronavirus_HKU1_(HCoV-HKU1)(AY884001)
NOTE: Change sequence name 'Human coronavirus OC43 (HCoV-OC43)(AY903460)' -> Human_coronavirus_OC43_(HCoV-OC43)(AY903460)
NOTE: Change sequence name 'Bat SARS coronavirus HKU3-1(DQ022305)' -> Bat_SARS_coronavirus_HKU3-1(DQ022305)
NOTE: Change sequence name 'Bat SARS CoV Rp3/2004(DQ071615)' -> Bat_SARS_CoV_Rp3/2004(DQ071615)
NOTE: Change sequence name 'Tylonycteris bat coronavirus HKU4(DQ074652)' -> Tylonycteris_bat_coronavirus_HKU4(DQ074652)
NOTE: Change sequence name 'Tylonycteris bat coronavirus HKU4(DQ249216)' -> Tylonycteris_bat_coronavirus_HKU4(DQ249216)
NOTE: Change sequence name 'Pipistrellus bat coronavirus HKU5(DQ249219)' -> Pipistrellus_bat_coronavirus_HKU5(DQ249219)
NOTE: Change sequence name 'Bat SARS CoV Rf1/2004(ACCESSION   DQ412042 DQ159956)' -> Bat_SARS_CoV_Rf1/2004(ACCESSION
NOTE: Change sequence name 'Bat SARS CoV Rm1/2004(ACCESSION   DQ412043 DQ159957)' -> Bat_SARS_CoV_Rm1/2004(ACCESSION
NOTE: Change sequence name 'Human coronavirus HKU1 (HCoV-HKU1)(DQ415904)' -> Human_coronavirus_HKU1_(HCoV-HKU1)(DQ415904)
NOTE: Change sequence name 'Human coronavirus HKU1 (HCoV-HKU1)(DQ415912)' -> Human_coronavirus_HKU1_(HCoV-HKU1)(DQ415912)
NOTE: Change sequence name 'Bat coronavirus (BtCoV/133/2005)(DQ648794)' -> Bat_coronavirus_(BtCoV/133/2005)(DQ648794)
NOTE: Change sequence name 'Bat coronavirus (BtCoV/242/2005)(DQ648803)' -> Bat_coronavirus_(BtCoV/242/2005)(DQ648803)
NOTE: Change sequence name 'Bat coronavirus (BtCoV/301/2005)(DQ648804)' -> Bat_coronavirus_(BtCoV/301/2005)(DQ648804)
NOTE: Change sequence name 'Bat coronavirus (BtCoV/303/2005)(DQ648805)' -> Bat_coronavirus_(BtCoV/303/2005)(DQ648805)
NOTE: Change sequence name 'Bat coronavirus (BtCoV/309/2005)(DQ648806)' -> Bat_coronavirus_(BtCoV/309/2005)(DQ648806)
NOTE: Change sequence name 'Bat coronavirus (BtCoV/310A /2005)(DQ648807)' -> Bat_coronavirus_(BtCoV/310A_/2005)(DQ648807)
NOTE: Change sequence name 'Bat coronavirus (BtCoV/311A /2005)(DQ648808)' -> Bat_coronavirus_(BtCoV/311A_/2005)(DQ648808)
NOTE: Change sequence name 'Bat coronavirus (BtCoV/355A/2005)(DQ648809)' -> Bat_coronavirus_(BtCoV/355A/2005)(DQ648809)
NOTE: Change sequence name 'Bat coronavirus (BtCoV/359A/2005)(DQ648810)' -> Bat_coronavirus_(BtCoV/359A/2005)(DQ648810)
NOTE: Change sequence name 'Bat coronavirus (BtCoV/363A/2005)(DQ648811)' -> Bat_coronavirus_(BtCoV/363A/2005)(DQ648811)
NOTE: Change sequence name 'Bat coronavirus (BtCoV/364A/2005)(DQ648812)' -> Bat_coronavirus_(BtCoV/364A/2005)(DQ648812)
NOTE: Change sequence name 'Bat coronavirus (BtCoV/365A/2005)(DQ648813)' -> Bat_coronavirus_(BtCoV/365A/2005)(DQ648813)
NOTE: Change sequence name 'Bat coronavirus (BtCoV/367A/2005)(DQ648814)' -> Bat_coronavirus_(BtCoV/367A/2005)(DQ648814)
NOTE: Change sequence name 'Bat coronavirus (BtCoV/A421/2005)(DQ648815)' -> Bat_coronavirus_(BtCoV/A421/2005)(DQ648815)
NOTE: Change sequence name 'Bat coronavirus (BtCoV/427/2005)(DQ648816)' -> Bat_coronavirus_(BtCoV/427/2005)(DQ648816)
NOTE: Change sequence name 'Bat coronavirus (BtCoV/A429/2005)(DQ648817)' -> Bat_coronavirus_(BtCoV/A429/2005)(DQ648817)
NOTE: Change sequence name 'Bat coronavirus (BtCoV/A433/2005)(DQ648818)' -> Bat_coronavirus_(BtCoV/A433/2005)(DQ648818)
NOTE: Change sequence name 'Bat coronavirus (BtCoV/A434/2005)(DQ648819)' -> Bat_coronavirus_(BtCoV/A434/2005)(DQ648819)
NOTE: Change sequence name 'Bat coronavirus (BtCoV/A437/2005)(DQ648820)' -> Bat_coronavirus_(BtCoV/A437/2005)(DQ648820)
NOTE: Change sequence name 'Bat coronavirus (BtCoV/A906/2005)(DQ648846)' -> Bat_coronavirus_(BtCoV/A906/2005)(DQ648846)
NOTE: Change sequence name 'Bat coronavirus (BtCoV/908/2005)(DQ648847)' -> Bat_coronavirus_(BtCoV/908/2005)(DQ648847)
NOTE: Change sequence name 'Bat coronavirus (BtCoV/A957/2005)(DQ648853)' -> Bat_coronavirus_(BtCoV/A957/2005)(DQ648853)
NOTE: Change sequence name 'PRCV ISU-1 (PRCV)(DQ811787)' -> PRCV_ISU-1_(PRCV)(DQ811787)
NOTE: Change sequence name 'TGEV Purdue P115 (TGEV)(DQ811788)' -> TGEV_Purdue_P115_(TGEV)(DQ811788)
NOTE: Change sequence name 'Bat coronavirus HKU4-3(EF065507)' -> Bat_coronavirus_HKU4-3(EF065507)
NOTE: Change sequence name 'Bat coronavirus HKU5-2(EF065510)' -> Bat_coronavirus_HKU5-2(EF065510)
NOTE: Change sequence name 'Bat coronavirus HKU5-5(EF065512)' -> Bat_coronavirus_HKU5-5(EF065512)
NOTE: Change sequence name 'Bat coronavirus HKU9-1(EF065513)' -> Bat_coronavirus_HKU9-1(EF065513)
NOTE: Change sequence name 'Bat coronavirus HKU9-3(EF065515)' -> Bat_coronavirus_HKU9-3(EF065515)
NOTE: Change sequence name 'Bat coronavirus HKU9-4(EF065516)' -> Bat_coronavirus_HKU9-4(EF065516)
NOTE: Change sequence name 'Bovine coronavirus R-AH187(EF424620)' -> Bovine_coronavirus_R-AH187(EF424620)
NOTE: Change sequence name 'Sable antelope coronavirus US/OH1/2003(EF424621)' -> Sable_antelope_coronavirus_US/OH1/2003(EF424621)
NOTE: Change sequence name 'Giraffe coronavirus US/OH3/2003(EF424623)' -> Giraffe_coronavirus_US/OH3/2003(EF424623)
NOTE: Change sequence name 'Munia coronavirus HKU13-3514(FJ376622)' -> Munia_coronavirus_HKU13-3514(FJ376622)
NOTE: Change sequence name 'Waterbuck coronavirus US/OH-WD358-GnC/1994(FJ425185)' -> Waterbuck_coronavirus_US/OH-WD358-GnC/1994(FJ425185)
NOTE: Change sequence name 'Coronavirus P.pipi/VM314/2008/NLD(GQ259977)' -> Coronavirus_P.pipi/VM314/2008/NLD(GQ259977)
NOTE: Change sequence name 'Mink coronavirus strain WD1127(HM245925)' -> Mink_coronavirus_strain_WD1127(HM245925)
NOTE: Change sequence name 'Betacoronavirus H.sav/J/Spain/2007(HQ184059)' -> Betacoronavirus_H.sav/J/Spain/2007(HQ184059)
NOTE: Change sequence name 'Betacoronavirus E.isa/M/Spain/2007(HQ184062)' -> Betacoronavirus_E.isa/M/Spain/2007(HQ184062)
NOTE: Change sequence name 'Infectious bronchitis virus(HQ850618)' -> Infectious_bronchitis_virus(HQ850618)
NOTE: Change sequence name 'Duck coronavirus(JF705860)' -> Duck_coronavirus(JF705860)
NOTE: Change sequence name 'Feline coronavirus UU54(JN183883)' -> Feline_coronavirus_UU54(JN183883)
NOTE: Change sequence name 'Rabbit coronavirus HKU14(JN874559)' -> Rabbit_coronavirus_HKU14(JN874559)
NOTE: Change sequence name 'Infectious bronchitis virus(JQ977698)' -> Infectious_bronchitis_virus(JQ977698)
NOTE: Change sequence name 'Severe acute respiratory syndrome-related coronavirus(JX163928)' -> Severe_acute_respiratory_syndrome-related
NOTE: Change sequence name 'Human coronavirus 229E(JX503060)' -> Human_coronavirus_229E(JX503060)
NOTE: Change sequence name 'Human coronavirus NL63 (HCoV-NL63)(JX524171)' -> Human_coronavirus_NL63_(HCoV-NL63)(JX524171)
NOTE: Change sequence name 'Human betacoronavirus 2c EMC/2012(JX869059)' -> Human_betacoronavirus_2c_EMC/2012(JX869059)
NOTE: Change sequence name 'Betacoronavirus England 1(KC164505)' -> Betacoronavirus_England_1(KC164505)
NOTE: Change sequence name 'Infectious bronchitis virus(NC_001451)' -> Infectious_bronchitis_virus(NC_001451)
NOTE: Change sequence name 'Feline infectious peritonitis virus(ACCESSION   NC_002306 NC_007025 NC_012937 NC_012938 NC_012940)' -> Feline_infectious_peritonitis_virus(ACCESSION
NOTE: Change sequence name 'Porcine epidemic diarrhea virus (PEDV)(NC_003436)' -> Porcine_epidemic_diarrhea_virus
NOTE: Change sequence name 'Pipistrellus bat coronavirus HKU5(ACCESSION   NC_028909)' -> Pipistrellus_bat_coronavirus_HKU5(ACCESSION
NOTE: Change sequence name 'Rhinolophus bat coronavirus HKU2(NC_009988)' -> Rhinolophus_bat_coronavirus_HKU2(NC_009988)
NOTE: Change sequence name 'Equine coronavirus(NC_010327)' -> Equine_coronavirus(NC_010327)
NOTE: Change sequence name 'Bat coronavirus 1B(NC_010436)' -> Bat_coronavirus_1B(NC_010436)
NOTE: Change sequence name 'Bat coronavirus 1A(ACCESSION   NC_010437 NC_010436 NC_028761)' -> Bat_coronavirus_1A(ACCESSION_
NOTE: Change sequence name 'Miniopterus bat coronavirus HKU8(ACCESSION   NC_010438 NC_028771 NC_028781 NC_028797)' -> Miniopterus_bat_coronavirus_HKU8(ACCESSION
NOTE: Change sequence name 'Beluga whale coronavirus SW1(NC_010646)' -> Beluga_whale_coronavirus_SW1(NC_010646)
NOTE: Change sequence name 'Turkey coronavirus(NC_010800)' -> Turkey_coronavirus(NC_010800)
NOTE: Change sequence name 'Thrush coronavirus HKU12-600(NC_011549)' -> Thrush_coronavirus_HKU12-600(NC_011549)
Alignment most likely contains DNA/RNA sequences
Alignment has 73 sequences with 45769 columns, 35623 distinct patterns
32745 parsimony-informative, 4027 singleton sites, 8997 constant sites
WARNING: Some sequence names are changed as follows:
Murine_hepatitis_virus(AF208066) -> Murine_hepatitis_virus_AF208066_
Human_coronavirus_HKU1_(HCoV-HKU1)(AY884001) -> Human_coronavirus_HKU1__HCoV-HKU1__AY884001_
Human_coronavirus_OC43_(HCoV-OC43)(AY903460) -> Human_coronavirus_OC43__HCoV-OC43__AY903460_
Bat_SARS_coronavirus_HKU3-1(DQ022305) -> Bat_SARS_coronavirus_HKU3-1_DQ022305_
Bat_SARS_CoV_Rp3/2004(DQ071615) -> Bat_SARS_CoV_Rp3_2004_DQ071615_
Tylonycteris_bat_coronavirus_HKU4(DQ074652) -> Tylonycteris_bat_coronavirus_HKU4_DQ074652_
Tylonycteris_bat_coronavirus_HKU4(DQ249216) -> Tylonycteris_bat_coronavirus_HKU4_DQ249216_
Pipistrellus_bat_coronavirus_HKU5(DQ249219) -> Pipistrellus_bat_coronavirus_HKU5_DQ249219_
Bat_SARS_CoV_Rf1/2004(ACCESSION -> Bat_SARS_CoV_Rf1_2004_ACCESSION
Bat_SARS_CoV_Rm1/2004(ACCESSION -> Bat_SARS_CoV_Rm1_2004_ACCESSION
Human_coronavirus_HKU1_(HCoV-HKU1)(DQ415904) -> Human_coronavirus_HKU1__HCoV-HKU1__DQ415904_
Human_coronavirus_HKU1_(HCoV-HKU1)(DQ415912) -> Human_coronavirus_HKU1__HCoV-HKU1__DQ415912_
Bat_coronavirus_(BtCoV/133/2005)(DQ648794) -> Bat_coronavirus__BtCoV_133_2005__DQ648794_
Bat_coronavirus_(BtCoV/242/2005)(DQ648803) -> Bat_coronavirus__BtCoV_242_2005__DQ648803_
Bat_coronavirus_(BtCoV/301/2005)(DQ648804) -> Bat_coronavirus__BtCoV_301_2005__DQ648804_
Bat_coronavirus_(BtCoV/303/2005)(DQ648805) -> Bat_coronavirus__BtCoV_303_2005__DQ648805_
Bat_coronavirus_(BtCoV/309/2005)(DQ648806) -> Bat_coronavirus__BtCoV_309_2005__DQ648806_
Bat_coronavirus_(BtCoV/310A_/2005)(DQ648807) -> Bat_coronavirus__BtCoV_310A__2005__DQ648807_
Bat_coronavirus_(BtCoV/311A_/2005)(DQ648808) -> Bat_coronavirus__BtCoV_311A__2005__DQ648808_
Bat_coronavirus_(BtCoV/355A/2005)(DQ648809) -> Bat_coronavirus__BtCoV_355A_2005__DQ648809_
Bat_coronavirus_(BtCoV/359A/2005)(DQ648810) -> Bat_coronavirus__BtCoV_359A_2005__DQ648810_
Bat_coronavirus_(BtCoV/363A/2005)(DQ648811) -> Bat_coronavirus__BtCoV_363A_2005__DQ648811_
Bat_coronavirus_(BtCoV/364A/2005)(DQ648812) -> Bat_coronavirus__BtCoV_364A_2005__DQ648812_
Bat_coronavirus_(BtCoV/365A/2005)(DQ648813) -> Bat_coronavirus__BtCoV_365A_2005__DQ648813_
Bat_coronavirus_(BtCoV/367A/2005)(DQ648814) -> Bat_coronavirus__BtCoV_367A_2005__DQ648814_
Bat_coronavirus_(BtCoV/A421/2005)(DQ648815) -> Bat_coronavirus__BtCoV_A421_2005__DQ648815_
Bat_coronavirus_(BtCoV/427/2005)(DQ648816) -> Bat_coronavirus__BtCoV_427_2005__DQ648816_
Bat_coronavirus_(BtCoV/A429/2005)(DQ648817) -> Bat_coronavirus__BtCoV_A429_2005__DQ648817_
Bat_coronavirus_(BtCoV/A433/2005)(DQ648818) -> Bat_coronavirus__BtCoV_A433_2005__DQ648818_
Bat_coronavirus_(BtCoV/A434/2005)(DQ648819) -> Bat_coronavirus__BtCoV_A434_2005__DQ648819_
Bat_coronavirus_(BtCoV/A437/2005)(DQ648820) -> Bat_coronavirus__BtCoV_A437_2005__DQ648820_
Bat_coronavirus_(BtCoV/A906/2005)(DQ648846) -> Bat_coronavirus__BtCoV_A906_2005__DQ648846_
Bat_coronavirus_(BtCoV/908/2005)(DQ648847) -> Bat_coronavirus__BtCoV_908_2005__DQ648847_
Bat_coronavirus_(BtCoV/A957/2005)(DQ648853) -> Bat_coronavirus__BtCoV_A957_2005__DQ648853_
PRCV_ISU-1_(PRCV)(DQ811787) -> PRCV_ISU-1__PRCV__DQ811787_
TGEV_Purdue_P115_(TGEV)(DQ811788) -> TGEV_Purdue_P115__TGEV__DQ811788_
Bat_coronavirus_HKU4-3(EF065507) -> Bat_coronavirus_HKU4-3_EF065507_
Bat_coronavirus_HKU5-2(EF065510) -> Bat_coronavirus_HKU5-2_EF065510_
Bat_coronavirus_HKU5-5(EF065512) -> Bat_coronavirus_HKU5-5_EF065512_
Bat_coronavirus_HKU9-1(EF065513) -> Bat_coronavirus_HKU9-1_EF065513_
Bat_coronavirus_HKU9-3(EF065515) -> Bat_coronavirus_HKU9-3_EF065515_
Bat_coronavirus_HKU9-4(EF065516) -> Bat_coronavirus_HKU9-4_EF065516_
Bovine_coronavirus_R-AH187(EF424620) -> Bovine_coronavirus_R-AH187_EF424620_
Sable_antelope_coronavirus_US/OH1/2003(EF424621) -> Sable_antelope_coronavirus_US_OH1_2003_EF424621_
Giraffe_coronavirus_US/OH3/2003(EF424623) -> Giraffe_coronavirus_US_OH3_2003_EF424623_
Munia_coronavirus_HKU13-3514(FJ376622) -> Munia_coronavirus_HKU13-3514_FJ376622_
Waterbuck_coronavirus_US/OH-WD358-GnC/1994(FJ425185) -> Waterbuck_coronavirus_US_OH-WD358-GnC_1994_FJ425185_
Coronavirus_P.pipi/VM314/2008/NLD(GQ259977) -> Coronavirus_P.pipi_VM314_2008_NLD_GQ259977_
Mink_coronavirus_strain_WD1127(HM245925) -> Mink_coronavirus_strain_WD1127_HM245925_
Betacoronavirus_H.sav/J/Spain/2007(HQ184059) -> Betacoronavirus_H.sav_J_Spain_2007_HQ184059_
Betacoronavirus_E.isa/M/Spain/2007(HQ184062) -> Betacoronavirus_E.isa_M_Spain_2007_HQ184062_
Infectious_bronchitis_virus(HQ850618) -> Infectious_bronchitis_virus_HQ850618_
Duck_coronavirus(JF705860) -> Duck_coronavirus_JF705860_
Feline_coronavirus_UU54(JN183883) -> Feline_coronavirus_UU54_JN183883_
Rabbit_coronavirus_HKU14(JN874559) -> Rabbit_coronavirus_HKU14_JN874559_
Infectious_bronchitis_virus(JQ977698) -> Infectious_bronchitis_virus_JQ977698_
Human_coronavirus_229E(JX503060) -> Human_coronavirus_229E_JX503060_
Human_coronavirus_NL63_(HCoV-NL63)(JX524171) -> Human_coronavirus_NL63__HCoV-NL63__JX524171_
Human_betacoronavirus_2c_EMC/2012(JX869059) -> Human_betacoronavirus_2c_EMC_2012_JX869059_
Betacoronavirus_England_1(KC164505) -> Betacoronavirus_England_1_KC164505_
Infectious_bronchitis_virus(NC_001451) -> Infectious_bronchitis_virus_NC_001451_
Feline_infectious_peritonitis_virus(ACCESSION -> Feline_infectious_peritonitis_virus_ACCESSION
Pipistrellus_bat_coronavirus_HKU5(ACCESSION -> Pipistrellus_bat_coronavirus_HKU5_ACCESSION
Rhinolophus_bat_coronavirus_HKU2(NC_009988) -> Rhinolophus_bat_coronavirus_HKU2_NC_009988_
Equine_coronavirus(NC_010327) -> Equine_coronavirus_NC_010327_
Bat_coronavirus_1B(NC_010436) -> Bat_coronavirus_1B_NC_010436_
Bat_coronavirus_1A(ACCESSION_ -> Bat_coronavirus_1A_ACCESSION_
Miniopterus_bat_coronavirus_HKU8(ACCESSION -> Miniopterus_bat_coronavirus_HKU8_ACCESSION
Beluga_whale_coronavirus_SW1(NC_010646) -> Beluga_whale_coronavirus_SW1_NC_010646_
Turkey_coronavirus(NC_010800) -> Turkey_coronavirus_NC_010800_
Thrush_coronavirus_HKU12-600(NC_011549) -> Thrush_coronavirus_HKU12-600_NC_011549_

                                                      Gap/Ambiguity  Composition  p-value
   1  Murine_hepatitis_virus_AF208066_                       32.02%    failed      0.00%
   2  Human_coronavirus_HKU1__HCoV-HKU1__AY884001_           34.86%    failed      0.00%
   3  Human_coronavirus_OC43__HCoV-OC43__AY903460_           32.87%    failed      0.00%
   4  Bat_SARS_coronavirus_HKU3-1_DQ022305_                  35.05%    failed      0.00%
   5  Bat_SARS_CoV_Rp3_2004_DQ071615_                        35.03%    failed      0.00%
   6  Tylonycteris_bat_coronavirus_HKU4_DQ074652_            93.88%    failed      2.73%
   7  Tylonycteris_bat_coronavirus_HKU4_DQ249216_            93.88%    failed      3.85%
   8  Pipistrellus_bat_coronavirus_HKU5_DQ249219_            93.88%    passed      5.60%
   9  Bat_SARS_CoV_Rf1_2004_ACCESSION                        35.09%    failed      0.00%
  10  Bat_SARS_CoV_Rm1_2004_ACCESSION                        35.00%    failed      0.00%
  11  Human_coronavirus_HKU1__HCoV-HKU1__DQ415904_           35.99%    failed      0.00%
  12  Human_coronavirus_HKU1__HCoV-HKU1__DQ415912_           34.79%    failed      0.00%
  13  Bat_coronavirus__BtCoV_133_2005__DQ648794_             33.78%    failed      0.03%
  14  Bat_coronavirus__BtCoV_242_2005__DQ648803_             99.05%    passed     86.72%
  15  Bat_coronavirus__BtCoV_301_2005__DQ648804_             99.05%    passed     85.24%
  16  Bat_coronavirus__BtCoV_303_2005__DQ648805_             99.05%    passed     85.24%
  17  Bat_coronavirus__BtCoV_309_2005__DQ648806_             99.05%    passed     86.28%
  18  Bat_coronavirus__BtCoV_310A__2005__DQ648807_           99.05%    passed     84.36%
  19  Bat_coronavirus__BtCoV_311A__2005__DQ648808_           99.05%    passed     88.42%
  20  Bat_coronavirus__BtCoV_355A_2005__DQ648809_            99.05%    passed     86.73%
  21  Bat_coronavirus__BtCoV_359A_2005__DQ648810_            99.05%    passed     81.02%
  22  Bat_coronavirus__BtCoV_363A_2005__DQ648811_            99.05%    passed     86.20%
  23  Bat_coronavirus__BtCoV_364A_2005__DQ648812_            99.05%    passed     86.28%
  24  Bat_coronavirus__BtCoV_365A_2005__DQ648813_            99.05%    passed     64.16%
  25  Bat_coronavirus__BtCoV_367A_2005__DQ648814_            99.05%    passed     81.02%
  26  Bat_coronavirus__BtCoV_A421_2005__DQ648815_            99.12%    passed     79.47%
  27  Bat_coronavirus__BtCoV_427_2005__DQ648816_             99.12%    passed     48.00%
  28  Bat_coronavirus__BtCoV_A429_2005__DQ648817_            99.12%    passed     48.00%
  29  Bat_coronavirus__BtCoV_A433_2005__DQ648818_            99.12%    passed     48.00%
  30  Bat_coronavirus__BtCoV_A434_2005__DQ648819_            99.12%    passed     67.16%
  31  Bat_coronavirus__BtCoV_A437_2005__DQ648820_            99.12%    passed     73.00%
  32  Bat_coronavirus__BtCoV_A906_2005__DQ648846_            99.06%    passed     85.81%
  33  Bat_coronavirus__BtCoV_908_2005__DQ648847_             99.06%    passed     81.44%
  34  Bat_coronavirus__BtCoV_A957_2005__DQ648853_            99.06%    passed     89.76%
  35  PRCV_ISU-1__PRCV__DQ811787_                            39.81%    failed      0.00%
  36  TGEV_Purdue_P115__TGEV__DQ811788_                      37.58%    failed      0.00%
  37  Bat_coronavirus_HKU4-3_EF065507_                       33.83%    failed      0.01%
  38  Bat_coronavirus_HKU5-2_EF065510_                       33.39%    failed      0.00%
  39  Bat_coronavirus_HKU5-5_EF065512_                       33.39%    failed      0.00%
  40  Bat_coronavirus_HKU9-1_EF065513_                       36.39%    failed      0.00%
  41  Bat_coronavirus_HKU9-3_EF065515_                       36.34%    failed      0.00%
  42  Bat_coronavirus_HKU9-4_EF065516_                       36.30%    failed      0.00%
  43  Bovine_coronavirus_R-AH187_EF424620_                   32.35%    failed      0.00%
  44  Sable_antelope_coronavirus_US_OH1_2003_EF424621_       32.28%    failed      0.00%
  45  Giraffe_coronavirus_US_OH3_2003_EF424623_              32.26%    failed      0.00%
  46  Munia_coronavirus_HKU13-3514_FJ376622_                 41.99%    failed      0.00%
  47  Waterbuck_coronavirus_US_OH-WD358-GnC_1994_FJ425185_   32.40%    failed      0.00%
  48  Coronavirus_P.pipi_VM314_2008_NLD_GQ259977_            99.27%    failed      4.72%
  49  Mink_coronavirus_strain_WD1127_HM245925_               36.77%    failed      0.00%
  50  Betacoronavirus_H.sav_J_Spain_2007_HQ184059_           99.13%    passed     81.34%
  51  Betacoronavirus_E.isa_M_Spain_2007_HQ184062_           99.13%    passed     50.06%
  52  Infectious_bronchitis_virus_HQ850618_                  39.70%    failed      0.00%
  53  Duck_coronavirus_JF705860_                             39.54%    failed      0.00%
  54  Feline_coronavirus_UU54_JN183883_                      36.18%    failed      0.00%
  55  Rabbit_coronavirus_HKU14_JN874559_                     32.05%    failed      0.00%
  56  Infectious_bronchitis_virus_JQ977698_                  39.65%    failed      0.00%
  57  Severe_acute_respiratory_syndrome-related              35.23%    failed      0.00%
  58  Human_coronavirus_229E_JX503060_                       40.44%    failed      0.00%
  59  Human_coronavirus_NL63__HCoV-NL63__JX524171_           39.83%    failed      0.00%
  60  Human_betacoronavirus_2c_EMC_2012_JX869059_            34.19%    failed      0.00%
  61  Betacoronavirus_England_1_KC164505_                    34.21%    failed      0.00%
  62  Infectious_bronchitis_virus_NC_001451_                 39.68%    failed      0.00%
  63  Feline_infectious_peritonitis_virus_ACCESSION          35.86%    failed      0.00%
  64  Porcine_epidemic_diarrhea_virus                        38.75%    failed      0.00%
  65  Pipistrellus_bat_coronavirus_HKU5_ACCESSION            33.40%    failed      0.00%
  66  Rhinolophus_bat_coronavirus_HKU2_NC_009988_            40.65%    failed      0.00%
  67  Equine_coronavirus_NC_010327_                          32.29%    failed      0.00%
  68  Bat_coronavirus_1B_NC_010436_                          37.78%    failed      0.22%
  69  Bat_coronavirus_1A_ACCESSION_                          38.11%    failed      0.00%
  70  Miniopterus_bat_coronavirus_HKU8_ACCESSION             37.13%    failed      0.00%
  71  Beluga_whale_coronavirus_SW1_NC_010646_                30.77%    failed      0.00%
  72  Turkey_coronavirus_NC_010800_                          39.57%    failed      0.00%
  73  Thrush_coronavirus_HKU12-600_NC_011549_                42.33%    failed      0.00%
WARNING: 27 sequences contain more than 50% gaps/ambiguity
****  TOTAL                                                  59.13%  49 sequences failed composition chi2 test (p-value<5%; df=3)
NOTE: Bat_coronavirus__BtCoV_364A_2005__DQ648812_ is identical to Bat_coronavirus__BtCoV_309_2005__DQ648806_ but kept for subsequent analysis
NOTE: Bat_coronavirus__BtCoV_367A_2005__DQ648814_ is identical to Bat_coronavirus__BtCoV_359A_2005__DQ648810_ but kept for subsequent analysis
NOTE: Bat_coronavirus__BtCoV_A429_2005__DQ648817_ is identical to Bat_coronavirus__BtCoV_427_2005__DQ648816_ but kept for subsequent analysis
NOTE: 1 identical sequences (see below) will be ignored for subsequent analysis
NOTE: Bat_coronavirus__BtCoV_A433_2005__DQ648818_ (identical to Bat_coronavirus__BtCoV_427_2005__DQ648816_) is ignored but added at the end

For your convenience alignment with unique sequences printed to betaCov_aln.fas.uniqueseq.phy


Create initial parsimony tree by phylogenetic likelihood library (PLL)... 0.235 seconds
NOTE: ModelFinder requires 831 MB RAM!
ModelFinder will test 286 DNA models (sample size: 45769) ...
 No. Model         -LnL         df  AIC          AICc         BIC
  1  JC            830588.272   141 1661458.543  1661459.421  1662689.665
  2  JC+I          816293.887   142 1632871.774  1632872.664  1634111.627
  3  JC+G4         807207.335   142 1614698.669  1614699.560  1615938.523
  4  JC+I+G4       805314.062   143 1610914.124  1610915.027  1612162.709
  5  JC+R2         808572.263   143 1617430.526  1617431.429  1618679.111
  6  JC+R3         805565.020   145 1611420.041  1611420.969  1612686.088
  7  JC+R4         805019.918   147 1610333.836  1610334.790  1611617.346
  8  JC+R5         804944.915   149 1610187.830  1610188.810  1611488.803
  9  JC+R6         804907.692   151 1610117.384  1610118.391  1611435.820
 10  JC+R7         804902.696   153 1610111.392  1610112.425  1611447.291
 14  F81+F         829800.133   144 1659888.266  1659889.181  1661145.582
 15  F81+F+I       815254.727   145 1630799.455  1630800.383  1632065.502
 16  F81+F+G4      803382.777   145 1607055.554  1607056.482  1608321.602
 17  F81+F+I+G4    801905.683   146 1604103.366  1604104.307  1605378.145
 18  F81+F+R2      806017.876   146 1612327.752  1612328.693  1613602.531
 19  F81+F+R3      802205.255   148 1604706.510  1604707.477  1605998.752
 20  F81+F+R4      801618.285   150 1603536.571  1603537.564  1604846.275
 21  F81+F+R5      801613.489   152 1603530.978  1603531.998  1604858.145
 27  K2P           820175.061   142 1640634.122  1640635.012  1641873.975
 28  K2P+I         805516.785   143 1611319.571  1611320.473  1612568.155
 29  K2P+G4        794757.901   143 1589801.801  1589802.704  1591050.386
 30  K2P+I+G4      793092.381   144 1586472.762  1586473.677  1587730.078
 31  K2P+R2        796861.246   144 1594010.492  1594011.407  1595267.808
 32  K2P+R3        793308.233   146 1586908.465  1586909.406  1588183.244
 33  K2P+R4        792738.409   148 1585772.818  1585773.784  1587065.059
 34  K2P+R5        792737.568   150 1585775.135  1585776.128  1587084.840
 40  HKY+F         816319.463   145 1632928.927  1632929.855  1634194.974
 41  HKY+F+I       801327.247   146 1602946.493  1602947.434  1604221.272
 42  HKY+F+G4      786932.348   146 1574156.697  1574157.638  1575431.476
 43  HKY+F+I+G4    785603.829   147 1571501.658  1571502.612  1572785.169
 44  HKY+F+R2      790579.158   147 1581452.316  1581453.270  1582735.826
 45  HKY+F+R3      786026.638   149 1572351.276  1572352.256  1573652.249
 46  HKY+F+R4      785365.447   151 1571032.894  1571033.900  1572351.330
 47  HKY+F+R5      785364.636   153 1571035.272  1571036.305  1572371.170
 53  TNe           820121.412   143 1640528.825  1640529.728  1641777.410
 54  TNe+I         805466.731   144 1611221.463  1611222.378  1612478.779
 55  TNe+G4        794743.201   144 1589774.402  1589775.317  1591031.718
 56  TNe+I+G4      793078.796   145 1586447.591  1586448.519  1587713.639
 57  TNe+R2        796797.812   145 1593885.623  1593886.551  1595151.671
 58  TNe+R3        793288.724   147 1586871.448  1586872.401  1588154.958
 59  TNe+R4        792715.314   149 1585728.628  1585729.608  1587029.601
 60  TNe+R5        792714.887   151 1585731.774  1585732.780  1587050.209
 66  TN+F          815930.192   146 1632152.384  1632153.325  1633427.163
 67  TN+F+I        800946.947   147 1602187.894  1602188.848  1603471.404
 68  TN+F+G4       786685.183   147 1573664.367  1573665.321  1574947.877
 69  TN+F+I+G4     785356.470   148 1571008.940  1571009.906  1572301.181
 70  TN+F+R2       790363.506   148 1581023.011  1581023.978  1582315.253
 71  TN+F+R3       785746.974   150 1571793.949  1571794.942  1573103.653
 72  TN+F+R4       785091.615   152 1570487.229  1570488.249  1571814.396
 73  TN+F+R5       785091.376   154 1570490.753  1570491.799  1571835.382
 79  K3P           819756.320   143 1639798.641  1639799.543  1641047.226
 80  K3P+I         805086.123   144 1610460.246  1610461.161  1611717.562
 81  K3P+G4        794468.690   144 1589225.380  1589226.295  1590482.696
 82  K3P+I+G4      792777.514   145 1585845.029  1585845.957  1587111.076
 83  K3P+R2        796382.617   145 1593055.234  1593056.162  1594321.281
 84  K3P+R3        792974.603   147 1586243.206  1586244.160  1587526.716
 85  K3P+R4        792403.872   149 1585105.743  1585106.723  1586406.716
 86  K3P+R5        792403.285   151 1585108.569  1585109.575  1586427.005
 92  K3Pu+F        816247.280   146 1632786.560  1632787.501  1634061.339
 93  K3Pu+F+I      801255.993   147 1602805.986  1602806.940  1604089.497
 94  K3Pu+F+G4     786920.080   147 1574134.160  1574135.114  1575417.670
 95  K3Pu+F+I+G4   785588.998   148 1571473.996  1571474.962  1572766.237
 96  K3Pu+F+R2     790534.619   148 1581365.238  1581366.205  1582657.480
 97  K3Pu+F+R3     786007.850   150 1572315.699  1572316.692  1573625.403
 98  K3Pu+F+R4     785344.035   152 1570992.071  1570993.090  1572319.238
 99  K3Pu+F+R5     785343.703   154 1570995.406  1570996.452  1572340.035
105  TPM2+F        815409.034   146 1631110.069  1631111.010  1632384.848
106  TPM2+F+I      800504.932   147 1601303.864  1601304.818  1602587.374
107  TPM2+F+G4     786241.219   147 1572776.438  1572777.391  1574059.948
108  TPM2+F+I+G4   784909.645   148 1570115.289  1570116.256  1571407.531
109  TPM2+F+R2     789804.835   148 1579905.670  1579906.637  1581197.912
110  TPM2+F+R3     785312.812   150 1570925.624  1570926.617  1572235.329
111  TPM2+F+R4     784671.082   152 1569646.164  1569647.184  1570973.331
112  TPM2+F+R5     784670.765   154 1569649.530  1569650.577  1570994.160
118  TPM2u+F       815409.108   146 1631110.215  1631111.156  1632384.994
119  TPM2u+F+I     800504.895   147 1601303.789  1601304.743  1602587.300
120  TPM2u+F+G4    786241.208   147 1572776.415  1572777.369  1574059.925
121  TPM2u+F+I+G4  784909.635   148 1570115.271  1570116.238  1571407.512
122  TPM2u+F+R2    789804.913   148 1579905.826  1579906.793  1581198.068
123  TPM2u+F+R3    785312.692   150 1570925.383  1570926.376  1572235.087
124  TPM2u+F+R4    784671.071   152 1569646.142  1569647.162  1570973.309
125  TPM2u+F+R5    784670.776   154 1569649.552  1569650.599  1570994.182
131  TPM3+F        816195.686   146 1632683.372  1632684.313  1633958.151
132  TPM3+F+I      801250.766   147 1602795.531  1602796.485  1604079.042
133  TPM3+F+G4     786271.919   147 1572837.838  1572838.792  1574121.349
134  TPM3+F+I+G4   785010.346   148 1570316.692  1570317.659  1571608.934
135  TPM3+F+R2     790231.091   148 1580758.181  1580759.148  1582050.423
136  TPM3+F+R3     785461.455   150 1571222.911  1571223.904  1572532.615
137  TPM3+F+R4     784768.212   152 1569840.424  1569841.443  1571167.591
138  TPM3+F+R5     784768.089   154 1569844.178  1569845.225  1571188.808
144  TPM3u+F       816195.653   146 1632683.305  1632684.246  1633958.084
145  TPM3u+F+I     801250.784   147 1602795.568  1602796.522  1604079.078
146  TPM3u+F+G4    786271.926   147 1572837.851  1572838.805  1574121.362
147  TPM3u+F+I+G4  785010.337   148 1570316.674  1570317.641  1571608.916
148  TPM3u+F+R2    790231.005   148 1580758.010  1580758.977  1582050.252
149  TPM3u+F+R3    785461.472   150 1571222.944  1571223.937  1572532.648
150  TPM3u+F+R4    784767.819   152 1569839.638  1569840.657  1571166.805
151  TPM3u+F+R5    784767.688   154 1569843.377  1569844.423  1571188.007
157  TIMe          819704.071   144 1639696.143  1639697.058  1640953.459
158  TIMe+I        805037.583   145 1610365.165  1610366.094  1611631.213
159  TIMe+G4       794454.440   145 1589198.880  1589199.808  1590464.928
160  TIMe+I+G4     792764.492   146 1585820.984  1585821.925  1587095.763
161  TIMe+R2       796391.701   146 1593075.403  1593076.344  1594350.182
162  TIMe+R3       792959.263   148 1586214.527  1586215.493  1587506.768
163  TIMe+R4       792388.470   150 1585076.940  1585077.933  1586386.644
164  TIMe+R5       792388.370   152 1585080.740  1585081.760  1586407.907
170  TIM+F         815857.137   147 1632008.274  1632009.228  1633291.785
171  TIM+F+I       800874.312   148 1602044.623  1602045.590  1603336.865
172  TIM+F+G4      786670.291   148 1573636.583  1573637.550  1574928.825
173  TIM+F+I+G4    785338.779   149 1570975.557  1570976.537  1572276.530
174  TIM+F+R2      790316.339   149 1580930.678  1580931.658  1582231.651
175  TIM+F+R3      785726.644   151 1571755.289  1571756.295  1573073.724
176  TIM+F+R4      785071.608   153 1570449.215  1570450.248  1571785.114
177  TIM+F+R5      785071.496   155 1570452.992  1570454.052  1571806.353
183  TIM2e         818158.080   144 1636604.159  1636605.075  1637861.476
184  TIM2e+I       803684.356   145 1607658.712  1607659.640  1608924.759
185  TIM2e+G4      792887.767   145 1586065.533  1586066.461  1587331.581
186  TIM2e+I+G4    791247.179   146 1582786.357  1582787.298  1584061.136
187  TIM2e+R2      794925.745   146 1590143.490  1590144.431  1591418.269
188  TIM2e+R3      791438.172   148 1583172.344  1583173.311  1584464.585
189  TIM2e+R4      790884.352   150 1582068.704  1582069.697  1583378.408
190  TIM2e+R5      790884.340   152 1582072.680  1582073.699  1583399.847
196  TIM2+F        815047.608   147 1630389.215  1630390.169  1631672.726
197  TIM2+F+I      800150.078   148 1600596.156  1600597.122  1601888.397
198  TIM2+F+G4     785984.205   148 1572264.411  1572265.378  1573556.652
199  TIM2+F+I+G4   784653.593   149 1569605.186  1569606.166  1570906.159
200  TIM2+F+R2     789591.593   149 1579481.186  1579482.166  1580782.159
201  TIM2+F+R3     785029.530   151 1570361.059  1570362.065  1571679.495
202  TIM2+F+R4     784395.273   153 1569096.547  1569097.580  1570432.445
203  TIM2+F+R5     784395.176   155 1569100.351  1569101.412  1570453.713
209  TIM3e         819512.170   144 1639312.340  1639313.256  1640569.656
210  TIM3e+I       804852.690   145 1609995.379  1609996.307  1611261.427
211  TIM3e+G4      794562.437   145 1589414.874  1589415.802  1590680.921
212  TIM3e+I+G4    792858.286   146 1586008.573  1586009.513  1587283.351
213  TIM3e+R2      796447.415   146 1593186.830  1593187.771  1594461.609
214  TIM3e+R3      793039.514   148 1586375.029  1586375.996  1587667.271
215  TIM3e+R4      792477.043   150 1585254.085  1585255.078  1586563.790
216  TIM3e+R5      792476.973   152 1585257.945  1585258.965  1586585.112
222  TIM3+F        815807.405   147 1631908.810  1631909.764  1633192.320
223  TIM3+F+I      800873.402   148 1602042.804  1602043.770  1603335.045
224  TIM3+F+G4     786005.224   148 1572306.448  1572307.415  1573598.689
225  TIM3+F+I+G4   784748.860   149 1569795.720  1569796.700  1571096.693
226  TIM3+F+R2     790002.274   149 1580302.548  1580303.527  1581603.521
227  TIM3+F+R3     785170.889   151 1570643.779  1570644.785  1571962.214
228  TIM3+F+R4     784480.830   153 1569267.659  1569268.692  1570603.558
229  TIM3+F+R5     784480.707   155 1569271.413  1569272.473  1570624.774
235  TVMe          817522.534   145 1635335.068  1635335.996  1636601.116
236  TVMe+I        803029.323   146 1606350.646  1606351.587  1607625.425
237  TVMe+G4       792682.740   146 1585657.479  1585658.420  1586932.258
238  TVMe+I+G4     790994.856   147 1582283.713  1582284.667  1583567.223
239  TVMe+R2       794521.058   147 1589336.116  1589337.070  1590619.626
240  TVMe+R3       791155.910   149 1582609.819  1582610.799  1583910.792
241  TVMe+R4       790614.981   151 1581531.961  1581532.967  1582850.397
242  TVMe+R5       790614.949   153 1581535.898  1581536.931  1582871.797
248  TVM+F         815284.945   148 1630865.890  1630866.856  1632158.131
249  TVM+F+I       800428.133   149 1601154.267  1601155.247  1602455.240
250  TVM+F+G4      785580.285   149 1571458.570  1571459.550  1572759.543
251  TVM+F+I+G4    784315.394   150 1568930.788  1568931.781  1570240.492
252  TVM+F+R2      789448.730   150 1579197.459  1579198.452  1580507.164
253  TVM+F+R3      784752.987   152 1569809.974  1569810.994  1571137.141
254  TVM+F+R4      784082.954   154 1568473.907  1568474.954  1569818.537
255  TVM+F+R5      784082.835   156 1568477.669  1568478.743  1569839.762
261  SYM           817485.168   146 1635262.336  1635263.277  1636537.115
262  SYM+I         802994.133   147 1606282.267  1606283.221  1607565.777
263  SYM+G4        792669.598   147 1585633.196  1585634.149  1586916.706
264  SYM+I+G4      790983.064   148 1582262.127  1582263.094  1583554.369
265  SYM+R2        794524.652   148 1589345.305  1589346.272  1590637.546
266  SYM+R3        791143.146   150 1582586.292  1582587.285  1583895.997
267  SYM+R4        790602.517   152 1581509.034  1581510.053  1582836.201
268  SYM+R5        790602.457   154 1581512.913  1581513.960  1582857.543
274  GTR+F         814924.956   149 1630147.912  1630148.892  1631448.885
275  GTR+F+I       800076.520   150 1600453.039  1600454.032  1601762.743
276  GTR+F+G4      785303.306   150 1570906.613  1570907.606  1572216.317
277  GTR+F+I+G4    784044.886   151 1568391.772  1568392.779  1569710.208
278  GTR+F+R2      789222.935   151 1578747.870  1578748.876  1580066.305
279  GTR+F+R3      784456.791   153 1569219.582  1569220.615  1570555.480
280  GTR+F+R4      783787.114   155 1567884.229  1567885.289  1569237.590
281  GTR+F+R5      783787.020   157 1567888.040  1567889.127  1569258.863
Akaike Information Criterion:           GTR+F+R4
Corrected Akaike Information Criterion: GTR+F+R4
Bayesian Information Criterion:         GTR+F+R4
Best-fit model: GTR+F+R4 chosen according to BIC

All model information printed to betaCov_aln.fas.model.gz
CPU time for ModelFinder: 15629.452 seconds (4h:20m:29s)
Wall-clock time for ModelFinder: 15700.071 seconds (4h:21m:40s)

NOTE: 332 MB RAM (0 GB) is required!
Estimate model parameters (epsilon = 0.100)
1. Initial log-likelihood: -803584.871
2. Current log-likelihood: -784833.467
3. Current log-likelihood: -784705.410
4. Current log-likelihood: -784643.712
5. Current log-likelihood: -784591.142
6. Current log-likelihood: -784543.712
7. Current log-likelihood: -784500.981
8. Current log-likelihood: -784462.146
9. Current log-likelihood: -784426.801
10. Current log-likelihood: -784394.264
11. Current log-likelihood: -784364.449
12. Current log-likelihood: -784336.769
13. Current log-likelihood: -784311.106
14. Current log-likelihood: -784287.273
15. Current log-likelihood: -784265.103
16. Current log-likelihood: -784244.440
17. Current log-likelihood: -784225.144
18. Current log-likelihood: -784207.034
19. Current log-likelihood: -784189.955
20. Current log-likelihood: -784173.931
21. Current log-likelihood: -784158.768
22. Current log-likelihood: -784144.379
23. Current log-likelihood: -784130.725
24. Current log-likelihood: -784117.839
25. Current log-likelihood: -784105.549
26. Current log-likelihood: -784093.636
27. Current log-likelihood: -784082.182
28. Current log-likelihood: -784071.312
29. Current log-likelihood: -784061.259
30. Current log-likelihood: -784054.076
31. Current log-likelihood: -784049.846
32. Current log-likelihood: -784047.088
33. Current log-likelihood: -784045.130
34. Current log-likelihood: -784043.834
35. Current log-likelihood: -784042.867
36. Current log-likelihood: -784042.163
37. Current log-likelihood: -784041.690
38. Current log-likelihood: -784041.318
39. Current log-likelihood: -784041.018
40. Current log-likelihood: -784040.789
41. Current log-likelihood: -784040.619
42. Current log-likelihood: -784040.485
43. Current log-likelihood: -784040.372
Optimal log-likelihood: -784040.271
Rate parameters:  A-C: 2.24662  A-G: 4.09202  A-T: 1.49795  C-G: 1.49610  C-T: 5.15655  G-T: 1.00000
Base frequencies:  A: 0.274  C: 0.175  G: 0.215  T: 0.336
Site proportion and rates:  (0.151,0.071) (0.253,0.434) (0.358,0.957) (0.238,2.256)
Parameters optimization took 43 rounds (424.131 sec)
Computing ML distances based on estimated model parameters... 1.213 sec
Computing BIONJ tree...
0.002 seconds
Log-likelihood of BIONJ tree: -792279.827
--------------------------------------------------------------------
|             INITIALIZING CANDIDATE TREE SET                      |
--------------------------------------------------------------------
Generating 98 parsimony trees... 21.782 second
Computing log-likelihood of 98 initial trees ... 112.304 seconds
Current best score: -784040.271

Do NNI search on 20 best initial trees
Estimate model parameters (epsilon = 0.100)
BETTER TREE FOUND at iteration 1: -783647.993
Iteration 10 / LogL: -783648.870 / Time: 0h:27m:16s
Iteration 20 / LogL: -783649.962 / Time: 0h:29m:54s
Finish initializing candidate tree set (2)
Current best tree score: -783647.993 / CPU time: 1342.501
Number of iterations: 20
--------------------------------------------------------------------
|               OPTIMIZING CANDIDATE TREE SET                      |
--------------------------------------------------------------------
Estimate model parameters (epsilon = 0.100)
BETTER TREE FOUND at iteration 21: -783615.317
Iteration 30 / LogL: -783617.200 / Time: 0h:42m:25s (2h:13m:8s left)
Iteration 40 / LogL: -783616.425 / Time: 0h:46m:9s (1h:35m:51s left)
Iteration 50 / LogL: -783635.301 / Time: 0h:51m:14s (1h:14m:14s left)
Iteration 60 / LogL: -783640.790 / Time: 0h:56m:9s (0h:58m:3s left)
Iteration 70 / LogL: -783634.743 / Time: 1h:0m:41s (0h:44m:51s left)
Estimate model parameters (epsilon = 0.100)
BETTER TREE FOUND at iteration 73: -783615.140
Iteration 80 / LogL: -783618.890 / Time: 1h:5m:57s (1h:17m:39s left)
Iteration 90 / LogL: -783653.998 / Time: 1h:10m:38s (1h:5m:52s left)
Iteration 100 / LogL: -783618.204 / Time: 1h:15m:22s (0h:55m:35s left)
Iteration 110 / LogL: -783618.005 / Time: 1h:19m:51s (0h:46m:9s left)
Iteration 120 / LogL: -785797.034 / Time: 1h:25m:6s (0h:37m:54s left)
Estimate model parameters (epsilon = 0.100)
UPDATE BEST LOG-LIKELIHOOD: -783614.144
Iteration 130 / LogL: -783618.549 / Time: 1h:30m:59s (0h:30m:19s left)
Iteration 140 / LogL: -783617.631 / Time: 1h:35m:34s (0h:22m:41s left)
Iteration 150 / LogL: -783644.603 / Time: 1h:40m:58s (0h:15m:35s left)
Iteration 160 / LogL: -783616.250 / Time: 1h:44m:49s (0h:8m:34s left)
Estimate model parameters (epsilon = 0.100)
UPDATE BEST LOG-LIKELIHOOD: -783613.990
Iteration 170 / LogL: -783614.943 / Time: 1h:50m:2s (0h:1m:57s left)
TREE SEARCH COMPLETED AFTER 174 ITERATIONS / Time: 1h:51m:42s

--------------------------------------------------------------------
|                    FINALIZING TREE SEARCH                        |
--------------------------------------------------------------------
Performs final model parameters optimization
Estimate model parameters (epsilon = 0.010)
1. Initial log-likelihood: -783613.990
2. Current log-likelihood: -783613.884
3. Current log-likelihood: -783613.745
4. Current log-likelihood: -783613.611
5. Current log-likelihood: -783613.487
6. Current log-likelihood: -783613.362
7. Current log-likelihood: -783613.240
8. Current log-likelihood: -783613.133
9. Current log-likelihood: -783613.034
10. Current log-likelihood: -783612.930
11. Current log-likelihood: -783612.827
12. Current log-likelihood: -783612.725
13. Current log-likelihood: -783612.626
14. Current log-likelihood: -783612.526
15. Current log-likelihood: -783612.427
16. Current log-likelihood: -783612.328
17. Current log-likelihood: -783612.240
18. Current log-likelihood: -783612.146
19. Current log-likelihood: -783612.053
20. Current log-likelihood: -783611.961
21. Current log-likelihood: -783611.869
22. Current log-likelihood: -783611.778
23. Current log-likelihood: -783611.690
24. Current log-likelihood: -783611.610
25. Current log-likelihood: -783611.523
26. Current log-likelihood: -783611.437
27. Current log-likelihood: -783611.352
28. Current log-likelihood: -783611.267
29. Current log-likelihood: -783611.183
30. Current log-likelihood: -783611.098
31. Current log-likelihood: -783611.025
32. Current log-likelihood: -783610.944
33. Current log-likelihood: -783610.864
34. Current log-likelihood: -783610.784
35. Current log-likelihood: -783610.706
36. Current log-likelihood: -783610.627
37. Current log-likelihood: -783610.559
38. Current log-likelihood: -783610.483
39. Current log-likelihood: -783610.407
40. Current log-likelihood: -783610.332
41. Current log-likelihood: -783610.265
42. Current log-likelihood: -783610.218
43. Current log-likelihood: -783610.167
44. Current log-likelihood: -783610.114
45. Current log-likelihood: -783610.064
46. Current log-likelihood: -783610.014
47. Current log-likelihood: -783609.965
48. Current log-likelihood: -783609.919
49. Current log-likelihood: -783609.870
50. Current log-likelihood: -783609.826
51. Current log-likelihood: -783609.778
52. Current log-likelihood: -783609.736
53. Current log-likelihood: -783609.688
54. Current log-likelihood: -783609.648
55. Current log-likelihood: -783609.600
56. Current log-likelihood: -783609.578
57. Current log-likelihood: -783609.524
58. Current log-likelihood: -783609.504
59. Current log-likelihood: -783609.451
60. Current log-likelihood: -783609.430
61. Current log-likelihood: -783609.388
62. Current log-likelihood: -783609.356
63. Current log-likelihood: -783609.313
64. Current log-likelihood: -783609.282
65. Current log-likelihood: -783609.239
66. Current log-likelihood: -783609.209
67. Current log-likelihood: -783609.165
68. Current log-likelihood: -783609.145
69. Current log-likelihood: -783609.095
70. Current log-likelihood: -783609.077
71. Current log-likelihood: -783609.027
72. Current log-likelihood: -783609.009
73. Current log-likelihood: -783608.971
74. Current log-likelihood: -783608.941
75. Current log-likelihood: -783608.902
76. Current log-likelihood: -783608.873
77. Current log-likelihood: -783608.833
78. Current log-likelihood: -783608.806
79. Current log-likelihood: -783608.765
80. Current log-likelihood: -783608.747
81. Current log-likelihood: -783608.727
82. Current log-likelihood: -783608.696
83. Current log-likelihood: -783608.678
84. Current log-likelihood: -783608.666
Optimal log-likelihood: -783608.658
Rate parameters:  A-C: 2.26355  A-G: 4.13096  A-T: 1.49470  C-G: 1.50260  C-T: 5.22935  G-T: 1.00000
Base frequencies:  A: 0.274  C: 0.175  G: 0.215  T: 0.336
Site proportion and rates:  (0.116,0.033) (0.257,0.354) (0.417,0.945) (0.210,2.435)
Parameters optimization took 84 rounds (548.961 sec)
BEST SCORE FOUND : -783608.658
Total tree length: 15.272

Total number of iterations: 174
CPU time used for tree search: 6234.349 sec (1h:43m:54s)
Wall-clock time used for tree search: 6250.270 sec (1h:44m:10s)
Total CPU time used: 7231.586 sec (2h:0m:31s)
Total wall-clock time used: 7251.720 sec (2h:0m:51s)

Analysis results written to: 
  IQ-TREE report:                betaCov_aln.fas.iqtree
  Maximum-likelihood tree:       betaCov_aln.fas.treefile
  Likelihood distances:          betaCov_aln.fas.mldist
  Screen log file:               betaCov_aln.fas.log

Date and Time: Tue Oct  1 05:05:13 2019
